This is pdfTeX, Version 3.141592653-2.6-1.40.25 (TeX Live 2023) (preloaded format=pdflatex 2023.7.28)  12 NOV 2023 20:14
entering extended mode
 restricted \write18 enabled.
 file:line:error style messages enabled.
 %&-line parsing enabled.
**/Users/wow/Documents/cs_relevant/summerschool/research/research_essay/self_balancing_tree.tex
(/Users/wow/Documents/cs_relevant/summerschool/research/research_essay/self_balancing_tree.tex
LaTeX2e <2022-11-01> patch level 1
L3 programming layer <2023-02-22> (/usr/local/texlive/2023/texmf-dist/tex/latex/base/article.cls
Document Class: article 2022/07/02 v1.4n Standard LaTeX document class
(/usr/local/texlive/2023/texmf-dist/tex/latex/base/size10.clo
File: size10.clo 2022/07/02 v1.4n Standard LaTeX file (size option)
)
\c@part=\count185
\c@section=\count186
\c@subsection=\count187
\c@subsubsection=\count188
\c@paragraph=\count189
\c@subparagraph=\count190
\c@figure=\count191
\c@table=\count192
\abovecaptionskip=\skip48
\belowcaptionskip=\skip49
\bibindent=\dimen140
) (/usr/local/texlive/2023/texmf-dist/tex/latex/graphics/graphicx.sty
Package: graphicx 2021/09/16 v1.2d Enhanced LaTeX Graphics (DPC,SPQR)
 (/usr/local/texlive/2023/texmf-dist/tex/latex/graphics/keyval.sty
Package: keyval 2022/05/29 v1.15 key=value parser (DPC)
\KV@toks@=\toks16
) (/usr/local/texlive/2023/texmf-dist/tex/latex/graphics/graphics.sty
Package: graphics 2022/03/10 v1.4e Standard LaTeX Graphics (DPC,SPQR)
 (/usr/local/texlive/2023/texmf-dist/tex/latex/graphics/trig.sty
Package: trig 2021/08/11 v1.11 sin cos tan (DPC)
) (/usr/local/texlive/2023/texmf-dist/tex/latex/graphics-cfg/graphics.cfg
File: graphics.cfg 2016/06/04 v1.11 sample graphics configuration
)
Package graphics Info: Driver file: xetex.def on input line 107.
 (/usr/local/texlive/2023/texmf-dist/tex/latex/graphics-def/xetex.def
File: xetex.def 2022/09/22 v5.0n Graphics/color driver for xetex
))
\Gin@req@height=\dimen141
\Gin@req@width=\dimen142
) (/usr/local/texlive/2023/texmf-dist/tex/latex/subfig/subfig.sty
Package: subfig 2005/06/28 ver: 1.3 subfig package
 (/usr/local/texlive/2023/texmf-dist/tex/latex/caption/caption.sty
Package: caption 2023/03/12 v3.6j Customizing captions (AR)
 (/usr/local/texlive/2023/texmf-dist/tex/latex/caption/caption3.sty
Package: caption3 2023/03/12 v2.4 caption3 kernel (AR)
\caption@tempdima=\dimen143
\captionmargin=\dimen144
\caption@leftmargin=\dimen145
\caption@rightmargin=\dimen146
\caption@width=\dimen147
\caption@indent=\dimen148
\caption@parindent=\dimen149
\caption@hangindent=\dimen150
Package caption Info: Standard document class detected.
)
\c@caption@flags=\count193
\c@continuedfloat=\count194
)
\c@KVtest=\count195
\sf@farskip=\skip50
\sf@captopadj=\dimen151
\sf@capskip=\skip51
\sf@nearskip=\skip52
\c@subfigure=\count196
\c@subfigure@save=\count197
\c@lofdepth=\count198
\c@subtable=\count199
\c@subtable@save=\count266
\c@lotdepth=\count267
\sf@top=\skip53
\sf@bottom=\skip54
) (/usr/local/texlive/2023/texmf-dist/tex/latex/float/float.sty
Package: float 2001/11/08 v1.3d Float enhancements (AL)
\c@float@type=\count268
\float@exts=\toks17
\float@box=\box51
\@float@everytoks=\toks18
\@floatcapt=\box52
) (/usr/local/texlive/2023/texmf-dist/tex/latex/hyperref/hyperref.sty
Package: hyperref 2023-02-07 v7.00v Hypertext links for LaTeX
 (/usr/local/texlive/2023/texmf-dist/tex/generic/ltxcmds/ltxcmds.sty
Package: ltxcmds 2020-05-10 v1.25 LaTeX kernel commands for general use (HO)
) (/usr/local/texlive/2023/texmf-dist/tex/generic/iftex/iftex.sty
Package: iftex 2022/02/03 v1.0f TeX engine tests
) (/usr/local/texlive/2023/texmf-dist/tex/generic/pdftexcmds/pdftexcmds.sty
Package: pdftexcmds 2020-06-27 v0.33 Utility functions of pdfTeX for LuaTeX (HO)
 (/usr/local/texlive/2023/texmf-dist/tex/generic/infwarerr/infwarerr.sty
Package: infwarerr 2019/12/03 v1.5 Providing info/warning/error messages (HO)
)
Package pdftexcmds Info: \pdf@primitive is available.
Package pdftexcmds Info: \pdf@ifprimitive is available.
Package pdftexcmds Info: \pdfdraftmode found.
) (/usr/local/texlive/2023/texmf-dist/tex/latex/kvsetkeys/kvsetkeys.sty
Package: kvsetkeys 2022-10-05 v1.19 Key value parser (HO)
) (/usr/local/texlive/2023/texmf-dist/tex/generic/kvdefinekeys/kvdefinekeys.sty
Package: kvdefinekeys 2019-12-19 v1.6 Define keys (HO)
) (/usr/local/texlive/2023/texmf-dist/tex/generic/pdfescape/pdfescape.sty
Package: pdfescape 2019/12/09 v1.15 Implements pdfTeX's escape features (HO)
) (/usr/local/texlive/2023/texmf-dist/tex/latex/hycolor/hycolor.sty
Package: hycolor 2020-01-27 v1.10 Color options for hyperref/bookmark (HO)
) (/usr/local/texlive/2023/texmf-dist/tex/latex/letltxmacro/letltxmacro.sty
Package: letltxmacro 2019/12/03 v1.6 Let assignment for LaTeX macros (HO)
) (/usr/local/texlive/2023/texmf-dist/tex/latex/auxhook/auxhook.sty
Package: auxhook 2019-12-17 v1.6 Hooks for auxiliary files (HO)
) (/usr/local/texlive/2023/texmf-dist/tex/latex/hyperref/nameref.sty
Package: nameref 2022-05-17 v2.50 Cross-referencing by name of section
 (/usr/local/texlive/2023/texmf-dist/tex/latex/refcount/refcount.sty
Package: refcount 2019/12/15 v3.6 Data extraction from label references (HO)
) (/usr/local/texlive/2023/texmf-dist/tex/generic/gettitlestring/gettitlestring.sty
Package: gettitlestring 2019/12/15 v1.6 Cleanup title references (HO)
 (/usr/local/texlive/2023/texmf-dist/tex/latex/kvoptions/kvoptions.sty
Package: kvoptions 2022-06-15 v3.15 Key value format for package options (HO)
))
\c@section@level=\count269
)
\@linkdim=\dimen152
\Hy@linkcounter=\count270
\Hy@pagecounter=\count271
 (/usr/local/texlive/2023/texmf-dist/tex/latex/hyperref/pd1enc.def
File: pd1enc.def 2023-02-07 v7.00v Hyperref: PDFDocEncoding definition (HO)
Now handling font encoding PD1 ...
... no UTF-8 mapping file for font encoding PD1
) (/usr/local/texlive/2023/texmf-dist/tex/generic/intcalc/intcalc.sty
Package: intcalc 2019/12/15 v1.3 Expandable calculations with integers (HO)
) (/usr/local/texlive/2023/texmf-dist/tex/generic/etexcmds/etexcmds.sty
Package: etexcmds 2019/12/15 v1.7 Avoid name clashes with e-TeX commands (HO)
)
\Hy@SavedSpaceFactor=\count272
 (/usr/local/texlive/2023/texmf-dist/tex/latex/hyperref/puenc.def
File: puenc.def 2023-02-07 v7.00v Hyperref: PDF Unicode definition (HO)
Now handling font encoding PU ...
... no UTF-8 mapping file for font encoding PU
)
Package hyperref Info: Option `colorlinks' set `true' on input line 4060.
Package hyperref Info: Hyper figures OFF on input line 4177.
Package hyperref Info: Link nesting OFF on input line 4182.
Package hyperref Info: Hyper index ON on input line 4185.
Package hyperref Info: Plain pages OFF on input line 4192.
Package hyperref Info: Backreferencing OFF on input line 4197.
Package hyperref Info: Implicit mode ON; LaTeX internals redefined.
Package hyperref Info: Bookmarks ON on input line 4425.
\c@Hy@tempcnt=\count273
 (/usr/local/texlive/2023/texmf-dist/tex/latex/url/url.sty
\Urlmuskip=\muskip16
Package: url 2013/09/16  ver 3.4  Verb mode for urls, etc.
)
LaTeX Info: Redefining \url on input line 4763.
\XeTeXLinkMargin=\dimen153
 (/usr/local/texlive/2023/texmf-dist/tex/generic/bitset/bitset.sty
Package: bitset 2019/12/09 v1.3 Handle bit-vector datatype (HO)
 (/usr/local/texlive/2023/texmf-dist/tex/generic/bigintcalc/bigintcalc.sty
Package: bigintcalc 2019/12/15 v1.5 Expandable calculations on big integers (HO)
))
\Fld@menulength=\count274
\Field@Width=\dimen154
\Fld@charsize=\dimen155
Package hyperref Info: Hyper figures OFF on input line 6042.
Package hyperref Info: Link nesting OFF on input line 6047.
Package hyperref Info: Hyper index ON on input line 6050.
Package hyperref Info: backreferencing OFF on input line 6057.
Package hyperref Info: Link coloring ON on input line 6060.
Package hyperref Info: Link coloring with OCG OFF on input line 6067.
Package hyperref Info: PDF/A mode OFF on input line 6072.
 (/usr/local/texlive/2023/texmf-dist/tex/latex/base/atbegshi-ltx.sty
Package: atbegshi-ltx 2021/01/10 v1.0c Emulation of the original atbegshi
package with kernel methods
)
\Hy@abspage=\count275
\c@Item=\count276
\c@Hfootnote=\count277
)
Package hyperref Info: Driver (autodetected): hpdftex.
 (/usr/local/texlive/2023/texmf-dist/tex/latex/hyperref/hpdftex.def
File: hpdftex.def 2023-02-07 v7.00v Hyperref driver for pdfTeX
 (/usr/local/texlive/2023/texmf-dist/tex/latex/base/atveryend-ltx.sty
Package: atveryend-ltx 2020/08/19 v1.0a Emulation of the original atveryend package
with kernel methods
)
\Fld@listcount=\count278
\c@bookmark@seq@number=\count279
 (/usr/local/texlive/2023/texmf-dist/tex/latex/rerunfilecheck/rerunfilecheck.sty
Package: rerunfilecheck 2022-07-10 v1.10 Rerun checks for auxiliary files (HO)
 (/usr/local/texlive/2023/texmf-dist/tex/generic/uniquecounter/uniquecounter.sty
Package: uniquecounter 2019/12/15 v1.4 Provide unlimited unique counter (HO)
)
Package uniquecounter Info: New unique counter `rerunfilecheck' on input line 285.
)
\Hy@SectionHShift=\skip55
)
\c@definition=\count280
\c@property=\count281
 (/usr/local/texlive/2023/texmf-dist/tex/latex/l3backend/l3backend-pdftex.def
File: l3backend-pdftex.def 2023-01-16 L3 backend support: PDF output (pdfTeX)
\l__color_backend_stack_int=\count282
\l__pdf_internal_box=\box53
) (./self_balancing_tree.aux)
\openout1 = `self_balancing_tree.aux'.

LaTeX Font Info:    Checking defaults for OML/cmm/m/it on input line 12.
LaTeX Font Info:    ... okay on input line 12.
LaTeX Font Info:    Checking defaults for OMS/cmsy/m/n on input line 12.
LaTeX Font Info:    ... okay on input line 12.
LaTeX Font Info:    Checking defaults for OT1/cmr/m/n on input line 12.
LaTeX Font Info:    ... okay on input line 12.
LaTeX Font Info:    Checking defaults for T1/cmr/m/n on input line 12.
LaTeX Font Info:    ... okay on input line 12.
LaTeX Font Info:    Checking defaults for TS1/cmr/m/n on input line 12.
LaTeX Font Info:    ... okay on input line 12.
LaTeX Font Info:    Checking defaults for OMX/cmex/m/n on input line 12.
LaTeX Font Info:    ... okay on input line 12.
LaTeX Font Info:    Checking defaults for U/cmr/m/n on input line 12.
LaTeX Font Info:    ... okay on input line 12.
LaTeX Font Info:    Checking defaults for PD1/pdf/m/n on input line 12.
LaTeX Font Info:    ... okay on input line 12.
LaTeX Font Info:    Checking defaults for PU/pdf/m/n on input line 12.
LaTeX Font Info:    ... okay on input line 12.
Package caption Info: Begin \AtBeginDocument code.
Package caption Info: subfig package v1.3 is loaded.
Package caption Info: float package is loaded.
Package caption Info: hyperref package is loaded.
Package caption Info: End \AtBeginDocument code.
 (/usr/local/texlive/2023/texmf-dist/tex/latex/graphics/color.sty
Package: color 2022/01/06 v1.3d Standard LaTeX Color (DPC)
 (/usr/local/texlive/2023/texmf-dist/tex/latex/graphics-cfg/color.cfg
File: color.cfg 2016/01/02 v1.6 sample color configuration
)
Package color Info: Driver file: pdftex.def on input line 149.
 (/usr/local/texlive/2023/texmf-dist/tex/latex/graphics-def/pdftex.def
File: pdftex.def 2022/09/22 v1.2b Graphics/color driver for pdftex
 (/usr/local/texlive/2023/texmf-dist/tex/context/base/mkii/supp-pdf.mkii
[Loading MPS to PDF converter (version 2006.09.02).]
\scratchcounter=\count283
\scratchdimen=\dimen156
\scratchbox=\box54
\nofMPsegments=\count284
\nofMParguments=\count285
\everyMPshowfont=\toks19
\MPscratchCnt=\count286
\MPscratchDim=\dimen157
\MPnumerator=\count287
\makeMPintoPDFobject=\count288
\everyMPtoPDFconversion=\toks20
)) (/usr/local/texlive/2023/texmf-dist/tex/latex/graphics/mathcolor.ltx)) (/usr/local/texlive/2023/texmf-dist/tex/latex/epstopdf-pkg/epstopdf-base.sty
Package: epstopdf-base 2020-01-24 v2.11 Base part for package epstopdf
Package epstopdf-base Info: Redefining graphics rule for `.eps' on input line 485.
 (/usr/local/texlive/2023/texmf-dist/tex/latex/latexconfig/epstopdf-sys.cfg
File: epstopdf-sys.cfg 2010/07/13 v1.3 Configuration of (r)epstopdf for TeX Live
))
Package hyperref Info: Link coloring ON on input line 12.
 (./self_balancing_tree.out) (./self_balancing_tree.out)
\@outlinefile=\write3
\openout3 = `self_balancing_tree.out'.

LaTeX Font Info:    External font `cmex10' loaded for size
(Font)              <12> on input line 17.
LaTeX Font Info:    External font `cmex10' loaded for size
(Font)              <8> on input line 17.
LaTeX Font Info:    External font `cmex10' loaded for size
(Font)              <6> on input line 17.
 (./self_balancing_tree.toc
LaTeX Font Info:    External font `cmex10' loaded for size
(Font)              <7> on input line 2.
LaTeX Font Info:    External font `cmex10' loaded for size
(Font)              <5> on input line 2.
)
\tf@toc=\write4
\openout4 = `self_balancing_tree.toc'.

 [1

{/usr/local/texlive/2023/texmf-var/fonts/map/pdftex/updmap/pdftex.map}]
<picture//spindlyBST.png, id=134, 203.76125pt x 356.33125pt>
File: picture//spindlyBST.png Graphic file (type png)
<use picture//spindlyBST.png>
Package pdftex.def Info: picture//spindlyBST.png  used on input line 59.
(pdftex.def)             Requested size: 57.18333pt x 100.0pt.
<picture//bushyBST.png, id=136, 201.75375pt x 153.57375pt>
File: picture//bushyBST.png Graphic file (type png)
<use picture//bushyBST.png>
Package pdftex.def Info: picture//bushyBST.png  used on input line 65.
(pdftex.def)             Requested size: 131.37234pt x 100.0pt.
 [2] [3 <./picture//spindlyBST.png> <./picture//bushyBST.png>]
<picture//rotation.png, id=160, 766.865pt x 223.83624pt>
File: picture//rotation.png Graphic file (type png)
<use picture//rotation.png>
Package pdftex.def Info: picture//rotation.png  used on input line 121.
(pdftex.def)             Requested size: 345.0pt x 100.70146pt.
 [4] [5 <./picture//rotation.png>]
<picture//unbalance.png, id=183, 1118.1775pt x 176.66pt>
File: picture//unbalance.png Graphic file (type png)
<use picture//unbalance.png>
Package pdftex.def Info: picture//unbalance.png  used on input line 196.
(pdftex.def)             Requested size: 345.0pt x 54.50525pt.
 [6 <./picture//unbalance.png>] [7]
<picture//naive_b_example.png, id=204, 676.5275pt x 84.315pt>
File: picture//naive_b_example.png Graphic file (type png)
<use picture//naive_b_example.png>
Package pdftex.def Info: picture//naive_b_example.png  used on input line 240.
(pdftex.def)             Requested size: 345.0pt x 42.9975pt.
<picture//naive_b_problem.png, id=206, 317.185pt x 83.31125pt>
File: picture//naive_b_problem.png Graphic file (type png)
<use picture//naive_b_problem.png>
Package pdftex.def Info: picture//naive_b_problem.png  used on input line 252.
(pdftex.def)             Requested size: 345.0pt x 90.62439pt.
 [8 <./picture//naive_b_example.png> <./picture//naive_b_problem.png>]
<picture//b_first.png, id=224, 256.96pt x 98.3675pt>
File: picture//b_first.png Graphic file (type png)
<use picture//b_first.png>
Package pdftex.def Info: picture//b_first.png  used on input line 282.
(pdftex.def)             Requested size: 103.50105pt x 39.62096pt.
<picture//b_second.png, id=225, 249.93375pt x 98.3675pt>
File: picture//b_second.png Graphic file (type png)
<use picture//b_second.png>
Package pdftex.def Info: picture//b_second.png  used on input line 288.
(pdftex.def)             Requested size: 103.50105pt x 40.73468pt.
<picture//b_third.png, id=226, 253.94875pt x 99.37125pt>
File: picture//b_third.png Graphic file (type png)
<use picture//b_third.png>
Package pdftex.def Info: picture//b_third.png  used on input line 294.
(pdftex.def)             Requested size: 103.50105pt x 40.49986pt.
 [9 <./picture//b_first.png> <./picture//b_second.png> <./picture//b_third.png>] [10] [11] [12]
<picture//rbr.png, id=295, 224.84pt x 243.91125pt>
File: picture//rbr.png Graphic file (type png)
<use picture//rbr.png>
Package pdftex.def Info: picture//rbr.png  used on input line 467.
(pdftex.def)             Requested size: 82.96306pt x 90.0pt.
<picture//br.png, id=296, 194.7275pt x 244.915pt>
File: picture//br.png Graphic file (type png)
<use picture//br.png>
Package pdftex.def Info: picture//br.png  used on input line 473.
(pdftex.def)             Requested size: 71.5548pt x 90.0pt.
<picture//rb.png, id=297, 188.705pt x 240.9pt>
File: picture//rb.png Graphic file (type png)
<use picture//rb.png>
Package pdftex.def Info: picture//rb.png  used on input line 480.
(pdftex.def)             Requested size: 70.49928pt x 90.0pt.
<picture//b.png, id=298, 98.3675pt x 240.9pt>
File: picture//b.png Graphic file (type png)
<use picture//b.png>
Package pdftex.def Info: picture//b.png  used on input line 486.
(pdftex.def)             Requested size: 36.74962pt x 90.0pt.
<picture//RBtree.png, id=301, 818.05624pt x 246.9225pt>
File: picture//RBtree.png Graphic file (type png)
<use picture//RBtree.png>
Package pdftex.def Info: picture//RBtree.png  used on input line 503.
(pdftex.def)             Requested size: 165.64299pt x 50.0pt.
 [13 <./picture//rbr.png> <./picture//br.png> <./picture//rb.png> <./picture//b.png>]
<picture//RBt_accepted.png, id=324, 837.1275pt x 251.94125pt>
File: picture//RBt_accepted.png Graphic file (type png)
<use picture//RBt_accepted.png>
Package pdftex.def Info: picture//RBt_accepted.png  used on input line 514.
(pdftex.def)             Requested size: 166.1324pt x 50.0pt.
<picture//RBt_rejected.png, id=327, 1011.78pt x 244.915pt>
File: picture//RBt_rejected.png Graphic file (type png)
<use picture//RBt_rejected.png>
Package pdftex.def Info: picture//RBt_rejected.png  used on input line 525.
(pdftex.def)             Requested size: 206.55168pt x 50.0pt.
 [14 <./picture//RBtree.png> <./picture//RBt_accepted.png> <./picture//RBt_rejected.png>] [15] [16]
<picture//result1.png, id=362, 362.3136pt x 216.3282pt>
File: picture//result1.png Graphic file (type png)
<use picture//result1.png>
Package pdftex.def Info: picture//result1.png  used on input line 597.
(pdftex.def)             Requested size: 169.0519pt x 100.93486pt.
<picture//result2.png, id=363, 362.3136pt x 216.81pt>
File: picture//result2.png Graphic file (type png)
<use picture//result2.png>
Package pdftex.def Info: picture//result2.png  used on input line 601.
(pdftex.def)             Requested size: 169.0519pt x 101.15965pt.
<picture//result3.png, id=364, 362.3136pt x 212.9556pt>
File: picture//result3.png Graphic file (type png)
<use picture//result3.png>
Package pdftex.def Info: picture//result3.png  used on input line 611.
(pdftex.def)             Requested size: 169.0519pt x 99.36125pt.
<picture//result4.png, id=365, 362.3136pt x 212.4738pt>
File: picture//result4.png Graphic file (type png)
<use picture//result4.png>
Package pdftex.def Info: picture//result4.png  used on input line 615.
(pdftex.def)             Requested size: 169.0519pt x 99.13646pt.
<picture//result5.png, id=366, 362.3136pt x 211.992pt>
File: picture//result5.png Graphic file (type png)
<use picture//result5.png>
Package pdftex.def Info: picture//result5.png  used on input line 620.
(pdftex.def)             Requested size: 169.0519pt x 98.91167pt.
<picture//result6.png, id=367, 362.3136pt x 211.0284pt>
File: picture//result6.png Graphic file (type png)
<use picture//result6.png>
Package pdftex.def Info: picture//result6.png  used on input line 624.
(pdftex.def)             Requested size: 169.0519pt x 98.46207pt.
 [17 <./picture//result1.png> <./picture//result2.png> <./picture//result3.png> <./picture//result4.png> <./picture//result5.png> <./picture//result6.png>] [18] (./self_balancing_tree.bbl) [19{/usr/local/texlive/2023/texmf-dist/fonts/enc/dvips/cm-super/cm-super-ts1.enc}] [20] [21] [22] [23] [24] (./self_balancing_tree.aux)
Package rerunfilecheck Info: File `self_balancing_tree.out' has not changed.
(rerunfilecheck)             Checksum: 4A607C971AA7807FD8F89728CC467A45;3134.
 ) 
Here is how much of TeX's memory you used:
 10207 strings out of 476025
 169109 string characters out of 5790017
 1864388 words of memory out of 5000000
 30380 multiletter control sequences out of 15000+600000
 517433 words of font info for 49 fonts, out of 8000000 for 9000
 1141 hyphenation exceptions out of 8191
 75i,8n,79p,616b,582s stack positions out of 10000i,1000n,20000p,200000b,200000s
</usr/local/texlive/2023/texmf-dist/fonts/type1/public/amsfonts/cm/cmbx10.pfb></usr/local/texlive/2023/texmf-dist/fonts/type1/public/amsfonts/cm/cmbx12.pfb></usr/local/texlive/2023/texmf-dist/fonts/type1/public/amsfonts/cm/cmmi10.pfb></usr/local/texlive/2023/texmf-dist/fonts/type1/public/amsfonts/cm/cmmi7.pfb></usr/local/texlive/2023/texmf-dist/fonts/type1/public/amsfonts/cm/cmmi8.pfb></usr/local/texlive/2023/texmf-dist/fonts/type1/public/amsfonts/cm/cmr10.pfb></usr/local/texlive/2023/texmf-dist/fonts/type1/public/amsfonts/cm/cmr12.pfb></usr/local/texlive/2023/texmf-dist/fonts/type1/public/amsfonts/cm/cmr17.pfb></usr/local/texlive/2023/texmf-dist/fonts/type1/public/amsfonts/cm/cmr6.pfb></usr/local/texlive/2023/texmf-dist/fonts/type1/public/amsfonts/cm/cmr7.pfb></usr/local/texlive/2023/texmf-dist/fonts/type1/public/amsfonts/cm/cmr8.pfb></usr/local/texlive/2023/texmf-dist/fonts/type1/public/amsfonts/cm/cmsy10.pfb></usr/local/texlive/2023/texmf-dist/fonts/type1/public/amsfonts/cm/cmsy7.pfb></usr/local/texlive/2023/texmf-dist/fonts/type1/public/amsfonts/cm/cmti10.pfb></usr/local/texlive/2023/texmf-dist/fonts/type1/public/amsfonts/cm/cmtt10.pfb></usr/local/texlive/2023/texmf-dist/fonts/type1/public/cm-super/sfti1000.pfb>
Output written on self_balancing_tree.pdf (24 pages, 999070 bytes).
PDF statistics:
 532 PDF objects out of 1000 (max. 8388607)
 425 compressed objects within 5 object streams
 151 named destinations out of 1000 (max. 500000)
 295 words of extra memory for PDF output out of 10000 (max. 10000000)

